kotlin version: 1.8.20
error message: org.jetbrains.kotlin.backend.common.BackendException: Backend Internal error: Exception during psi2ir
File being compiled: D:/OnlineShopPoizon/app/src/main/java/com/example/onlineshoppoizon/MainActivity.kt
The root cause java.lang.Exception was thrown at: org.jetbrains.kotlin.psi2ir.KotlinUtilsKt.isValueArgumentReorderingRequired(KotlinUtils.kt:46)
	at org.jetbrains.kotlin.backend.common.CodegenUtil.reportBackendException(CodegenUtil.kt:253)
	at org.jetbrains.kotlin.backend.common.CodegenUtil.reportBackendException$default(CodegenUtil.kt:237)
	at org.jetbrains.kotlin.psi2ir.generators.DeclarationGenerator.generateMemberDeclaration(DeclarationGenerator.kt:78)
	at org.jetbrains.kotlin.psi2ir.generators.ModuleGenerator.generateSingleFile(ModuleGenerator.kt:73)
	at org.jetbrains.kotlin.psi2ir.generators.ModuleGenerator.generateModuleFragment(ModuleGenerator.kt:53)
	at org.jetbrains.kotlin.psi2ir.Psi2IrTranslator.generateModuleFragment(Psi2IrTranslator.kt:97)
	at org.jetbrains.kotlin.backend.jvm.JvmIrCodegenFactory.convertToIr(JvmIrCodegenFactory.kt:224)
	at org.jetbrains.kotlin.backend.jvm.JvmIrCodegenFactory.convertToIr(JvmIrCodegenFactory.kt:57)
	at org.jetbrains.kotlin.codegen.KotlinCodegenFacade.compileCorrectFiles(KotlinCodegenFacade.java:41)
	at org.jetbrains.kotlin.kapt3.AbstractKapt3Extension.contextForStubGeneration(Kapt3Extension.kt:280)
	at org.jetbrains.kotlin.kapt3.AbstractKapt3Extension.analysisCompleted(Kapt3Extension.kt:174)
	at org.jetbrains.kotlin.kapt3.ClasspathBasedKapt3Extension.analysisCompleted(Kapt3Extension.kt:104)
	at org.jetbrains.kotlin.cli.jvm.compiler.TopDownAnalyzerFacadeForJVM$analyzeFilesWithJavaIntegration$2.invoke(TopDownAnalyzerFacadeForJVM.kt:115)
	at org.jetbrains.kotlin.cli.jvm.compiler.TopDownAnalyzerFacadeForJVM.analyzeFilesWithJavaIntegration(TopDownAnalyzerFacadeForJVM.kt:125)
	at org.jetbrains.kotlin.cli.jvm.compiler.TopDownAnalyzerFacadeForJVM.analyzeFilesWithJavaIntegration$default(TopDownAnalyzerFacadeForJVM.kt:99)
	at org.jetbrains.kotlin.cli.jvm.compiler.KotlinToJVMBytecodeCompiler$analyze$1.invoke(KotlinToJVMBytecodeCompiler.kt:257)
	at org.jetbrains.kotlin.cli.jvm.compiler.KotlinToJVMBytecodeCompiler$analyze$1.invoke(KotlinToJVMBytecodeCompiler.kt:42)
	at org.jetbrains.kotlin.cli.common.messages.AnalyzerWithCompilerReport.analyzeAndReport(AnalyzerWithCompilerReport.kt:115)
	at org.jetbrains.kotlin.cli.jvm.compiler.KotlinToJVMBytecodeCompiler.analyze(KotlinToJVMBytecodeCompiler.kt:248)
	at org.jetbrains.kotlin.cli.jvm.compiler.KotlinToJVMBytecodeCompiler.compileModules$cli(KotlinToJVMBytecodeCompiler.kt:88)
	at org.jetbrains.kotlin.cli.jvm.compiler.KotlinToJVMBytecodeCompiler.compileModules$cli$default(KotlinToJVMBytecodeCompiler.kt:47)
	at org.jetbrains.kotlin.cli.jvm.K2JVMCompiler.doExecute(K2JVMCompiler.kt:168)
	at org.jetbrains.kotlin.cli.jvm.K2JVMCompiler.doExecute(K2JVMCompiler.kt:53)
	at org.jetbrains.kotlin.cli.common.CLICompiler.execImpl(CLICompiler.kt:100)
	at org.jetbrains.kotlin.cli.common.CLICompiler.execImpl(CLICompiler.kt:46)
	at org.jetbrains.kotlin.cli.common.CLITool.exec(CLITool.kt:101)
	at org.jetbrains.kotlin.incremental.IncrementalJvmCompilerRunner.runCompiler(IncrementalJvmCompilerRunner.kt:495)
	at org.jetbrains.kotlin.incremental.IncrementalJvmCompilerRunner.runCompiler(IncrementalJvmCompilerRunner.kt:133)
	at org.jetbrains.kotlin.incremental.IncrementalCompilerRunner.doCompile(IncrementalCompilerRunner.kt:486)
	at org.jetbrains.kotlin.incremental.IncrementalCompilerRunner.compileImpl(IncrementalCompilerRunner.kt:409)
	at org.jetbrains.kotlin.incremental.IncrementalCompilerRunner.tryCompileIncrementally$lambda$2$compile(IncrementalCompilerRunner.kt:210)
	at org.jetbrains.kotlin.incremental.IncrementalCompilerRunner.tryCompileIncrementally(IncrementalCompilerRunner.kt:241)
	at org.jetbrains.kotlin.incremental.IncrementalCompilerRunner.compile(IncrementalCompilerRunner.kt:103)
	at org.jetbrains.kotlin.daemon.CompileServiceImplBase.execIncrementalCompiler(CompileServiceImpl.kt:627)
	at org.jetbrains.kotlin.daemon.CompileServiceImplBase.access$execIncrementalCompiler(CompileServiceImpl.kt:101)
	at org.jetbrains.kotlin.daemon.CompileServiceImpl.compile(CompileServiceImpl.kt:1587)
	at jdk.internal.reflect.GeneratedMethodAccessor113.invoke(Unknown Source)
	at java.base/jdk.internal.reflect.DelegatingMethodAccessorImpl.invoke(DelegatingMethodAccessorImpl.java:43)
	at java.base/java.lang.reflect.Method.invoke(Method.java:568)
	at java.rmi/sun.rmi.server.UnicastServerRef.dispatch(UnicastServerRef.java:360)
	at java.rmi/sun.rmi.transport.Transport$1.run(Transport.java:200)
	at java.rmi/sun.rmi.transport.Transport$1.run(Transport.java:197)
	at java.base/java.security.AccessController.doPrivileged(AccessController.java:712)
	at java.rmi/sun.rmi.transport.Transport.serviceCall(Transport.java:196)
	at java.rmi/sun.rmi.transport.tcp.TCPTransport.handleMessages(TCPTransport.java:587)
	at java.rmi/sun.rmi.transport.tcp.TCPTransport$ConnectionHandler.run0(TCPTransport.java:828)
	at java.rmi/sun.rmi.transport.tcp.TCPTransport$ConnectionHandler.lambda$run$0(TCPTransport.java:705)
	at java.base/java.security.AccessController.doPrivileged(AccessController.java:399)
	at java.rmi/sun.rmi.transport.tcp.TCPTransport$ConnectionHandler.run(TCPTransport.java:704)
	at java.base/java.util.concurrent.ThreadPoolExecutor.runWorker(ThreadPoolExecutor.java:1136)
	at java.base/java.util.concurrent.ThreadPoolExecutor$Worker.run(ThreadPoolExecutor.java:635)
	at java.base/java.lang.Thread.run(Thread.java:833)
Caused by: java.lang.Exception: Value argument in function call is mapped with error
	at org.jetbrains.kotlin.psi2ir.KotlinUtilsKt.isValueArgumentReorderingRequired(KotlinUtils.kt:46)
	at org.jetbrains.kotlin.psi2ir.intermediate.CallBuilderKt.isValueArgumentReorderingRequired(CallBuilder.kt:58)
	at org.jetbrains.kotlin.psi2ir.generators.CallGenerator.addParametersToCall(CallGenerator.kt:411)
	at org.jetbrains.kotlin.psi2ir.generators.CallGenerator.generateDelegatingConstructorCall$lambda$7(CallGenerator.kt:172)
	at org.jetbrains.kotlin.psi2ir.intermediate.SimpleCallReceiver.call(SimpleCallReceiver.kt:27)
	at org.jetbrains.kotlin.psi2ir.generators.CallGenerator.generateDelegatingConstructorCall(CallGenerator.kt:157)
	at org.jetbrains.kotlin.psi2ir.generators.BodyGenerator.generateSuperConstructorCall(BodyGenerator.kt:276)
	at org.jetbrains.kotlin.psi2ir.generators.BodyGenerator.generatePrimaryConstructorBody(BodyGenerator.kt:211)
	at org.jetbrains.kotlin.psi2ir.generators.FunctionGenerator.generatePrimaryConstructor(FunctionGenerator.kt:251)
	at org.jetbrains.kotlin.psi2ir.generators.ClassGenerator.generatePrimaryConstructor(ClassGenerator.kt:460)
	at org.jetbrains.kotlin.psi2ir.generators.ClassGenerator.generateClass(ClassGenerator.kt:93)
	at org.jetbrains.kotlin.psi2ir.generators.ClassGenerator.generateClass$default(ClassGenerator.kt:63)
	at org.jetbrains.kotlin.psi2ir.generators.DeclarationGenerator.generateClassOrObjectDeclaration(DeclarationGenerator.kt:108)
	at org.jetbrains.kotlin.psi2ir.generators.DeclarationGenerator.generateMemberDeclaration(DeclarationGenerator.kt:53)
	... 49 more


